======================================================================
RELATÓRIO: MonitorSys (production)
Data: 2026-03-30 | Hora: 10:00:01
Hostname: DEALNOTE0235
======================================================================

=== [CPU] ===
Load Average: 0.28, 0.24, 0.22
Uso: 0.0% user, 2.3% system, 90.8% idle

=== [MEMÓRIA] ===
Mem:           9.6Gi       2.6Gi       4.3Gi        65Mi       2.9Gi       7.0Gi
Swap:          3.0Gi          0B       3.0Gi

=== [DISCO] ===
Filesystem      Size  Used Avail Use% Mounted on
none            4.8G     0  4.8G   0% /usr/lib/modules/6.6.87.2-microsoft-standard-WSL2
drivers         238G  202G   37G  85% /usr/lib/wsl/drivers
/dev/sdd       1007G   31G  925G   4% /
none            4.8G     0  4.8G   0% /usr/lib/wsl/lib
rootfs          4.8G  2.7M  4.8G   1% /init
none            4.8G   76K  4.8G   1% /mnt/wslg/versions.txt
none            4.8G   76K  4.8G   1% /mnt/wslg/doc
C:\             238G  202G   37G  85% /mnt/c
snapfuse        337M  337M     0 100% /snap/code/221
snapfuse         64M   64M     0 100% /snap/core20/2769
snapfuse        359M  359M     0 100% /snap/code/231
snapfuse         64M   64M     0 100% /snap/core20/2717
snapfuse         49M   49M     0 100% /snap/snapd/25935
snapfuse         74M   74M     0 100% /snap/core22/2292
snapfuse         74M   74M     0 100% /snap/core22/2339
snapfuse         49M   49M     0 100% /snap/snapd/26382
snapfuse         42M   42M     0 100% /snap/trivy/276

=== [TEMPERATURA] ===
Sensores não disponíveis.

----------------------------------------------------------------------
Fim da execução: 10:00:01
----------------------------------------------------------------------

