======================================================================
RELATÓRIO: MonitorSys (production)
Data: 2026-03-29 | Hora: 10:00:01
Hostname: DEALNOTE0235
======================================================================

=== [CPU] ===
Load Average: 0.23, 0.24, 0.24
Uso: 1.1% user, 2.2% system, 96.6% idle

=== [MEMÓRIA] ===
Mem:           9.6Gi       2.5Gi       5.0Gi        22Mi       2.3Gi       7.1Gi
Swap:          3.0Gi          0B       3.0Gi

=== [DISCO] ===
Filesystem      Size  Used Avail Use% Mounted on
none            4.8G     0  4.8G   0% /usr/lib/modules/6.6.87.2-microsoft-standard-WSL2
drivers         238G  199G   40G  84% /usr/lib/wsl/drivers
/dev/sdd       1007G   30G  926G   4% /
none            4.8G     0  4.8G   0% /usr/lib/wsl/lib
rootfs          4.8G  2.7M  4.8G   1% /init
none            4.8G   76K  4.8G   1% /mnt/wslg/versions.txt
none            4.8G   76K  4.8G   1% /mnt/wslg/doc
C:\             238G  199G   40G  84% /mnt/c
snapfuse        337M  337M     0 100% /snap/code/221
snapfuse         64M   64M     0 100% /snap/core20/2686
snapfuse        333M  333M     0 100% /snap/code/220
snapfuse         64M   64M     0 100% /snap/core20/2717
snapfuse         74M   74M     0 100% /snap/core22/2339
snapfuse         74M   74M     0 100% /snap/core22/2292
snapfuse         49M   49M     0 100% /snap/snapd/25935
snapfuse         49M   49M     0 100% /snap/snapd/26382
snapfuse         42M   42M     0 100% /snap/trivy/276

=== [TEMPERATURA] ===
Sensores não disponíveis.

----------------------------------------------------------------------
Fim da execução: 10:00:01
----------------------------------------------------------------------

