Coleta realizada.
Log salvo em: /home/devops/monitor-saude-sistema/logs/2026/01/monitor_2026-01-12.log
[main ce0afa6] chore(logs): auto-report 2026-01-16 [automated]
 2 files changed, 36 insertions(+)
 create mode 100644 logs/2026/01/monitor_2026-01-16.log
[main 859c66f] chore(logs): auto-report 2026-01-19 [automated]
 3 files changed, 40 insertions(+)
 create mode 100644 logs/2026/01/monitor_2026-01-19.log
[main f2d8fb4] chore(logs): auto-report 2026-01-23 [automated]
 3 files changed, 42 insertions(+)
 create mode 100644 logs/2026/01/monitor_2026-01-23.log
[main 067cec7] chore(logs): auto-report 2026-01-29 [automated]
 3 files changed, 43 insertions(+)
 create mode 100644 logs/2026/01/monitor_2026-01-29.log
[main d45bc8a] chore(logs): auto-report 2026-01-30 [automated]
 3 files changed, 43 insertions(+)
 create mode 100644 logs/2026/01/monitor_2026-01-30.log
[main dd45d42] chore(logs): auto-report 2026-02-10 [automated]
 3 files changed, 43 insertions(+)
 create mode 100644 logs/2026/02/monitor_2026-02-10.log
